TN:
SF:/home/john-co/Liferay/public/master/modules/apps/frontend-js/frontend-js-web/src/main/resources/META-INF/resources/liferay/CompatibilityEventProxy.es.js
FN:26,(anonymous_0)
FN:43,(anonymous_1)
FN:55,(anonymous_2)
FN:69,(anonymous_3)
FN:70,(anonymous_4)
FN:106,(anonymous_5)
FN:107,(anonymous_6)
FNF:7
FNH:7
FNDA:10,(anonymous_0)
FNDA:9,(anonymous_1)
FNDA:11,(anonymous_2)
FNDA:9,(anonymous_3)
FNDA:9,(anonymous_4)
FNDA:10,(anonymous_5)
FNDA:11,(anonymous_6)
DA:27,10
DA:29,10
DA:30,10
DA:31,10
DA:33,10
DA:44,9
DA:56,11
DA:70,9
DA:71,9
DA:72,8
DA:75,8
DA:77,8
DA:78,8
DA:79,8
DA:87,8
DA:88,5
DA:89,5
DA:92,8
DA:94,8
DA:95,5
DA:107,10
DA:108,11
DA:109,0
DA:112,11
DA:114,11
DA:115,1
DA:116,1
DA:117,10
DA:118,9
DA:131,1
LF:30
LH:29
BRDA:71,0,0,8
BRDA:71,0,1,1
BRDA:72,1,0,1
BRDA:72,1,1,7
BRDA:77,2,0,8
BRDA:77,2,1,0
BRDA:87,3,0,5
BRDA:87,3,1,3
BRDA:87,4,0,8
BRDA:87,4,1,7
BRDA:94,5,0,5
BRDA:94,5,1,3
BRDA:94,6,0,8
BRDA:94,6,1,7
BRDA:108,7,0,0
BRDA:108,7,1,11
BRDA:114,8,0,1
BRDA:114,8,1,10
BRDA:117,9,0,9
BRDA:117,9,1,1
BRF:20
BRH:18
end_of_record
TN:
SF:/home/john-co/Liferay/public/master/modules/apps/frontend-js/frontend-js-web/src/main/resources/META-INF/resources/liferay/PortletBase.es.js
FN:41,(anonymous_0)
FN:60,(anonymous_1)
FN:76,(anonymous_2)
FN:101,(anonymous_3)
FN:115,(anonymous_4)
FN:130,(anonymous_5)
FN:148,(anonymous_6)
FNF:7
FNH:7
FNDA:4,(anonymous_0)
FNDA:5,(anonymous_1)
FNDA:7,(anonymous_2)
FNDA:8,(anonymous_3)
FNDA:1,(anonymous_4)
FNDA:4,(anonymous_5)
FNDA:8,(anonymous_6)
DA:42,4
DA:44,4
DA:61,5
DA:63,5
DA:79,7
DA:80,1
DA:81,6
DA:82,1
DA:83,5
DA:84,1
DA:86,4
DA:89,7
DA:102,8
DA:116,1
DA:131,4
DA:133,4
DA:149,8
DA:162,1
LF:18
LH:18
BRDA:42,0,0,4
BRDA:42,0,1,3
BRDA:42,0,2,1
BRDA:46,1,0,4
BRDA:46,1,1,4
BRDA:79,2,0,1
BRDA:79,2,1,6
BRDA:81,3,0,1
BRDA:81,3,1,5
BRDA:83,4,0,1
BRDA:83,4,1,4
BRDA:116,5,0,1
BRDA:116,5,1,1
BRDA:131,6,0,4
BRDA:131,6,1,3
BRDA:131,6,2,1
BRDA:135,7,0,4
BRDA:135,7,1,4
BRDA:150,8,0,8
BRDA:150,8,1,8
BRF:20
BRH:20
end_of_record
TN:
SF:/home/john-co/Liferay/public/master/modules/apps/frontend-js/frontend-js-web/src/main/resources/META-INF/resources/liferay/component.es.js
FN:34,(anonymous_0)
FN:40,(anonymous_1)
FN:45,(anonymous_2)
FN:66,(anonymous_3)
FN:70,(anonymous_4)
FN:100,(anonymous_5)
FN:104,(anonymous_6)
FN:113,(anonymous_7)
FN:118,(anonymous_8)
FN:147,(anonymous_9)
FN:153,(anonymous_10)
FN:171,(anonymous_11)
FN:197,(anonymous_12)
FN:255,(anonymous_13)
FN:270,(anonymous_14)
FN:293,(anonymous_15)
FN:318,(anonymous_16)
FN:322,(anonymous_17)
FN:338,(anonymous_18)
FN:348,(anonymous_19)
FN:357,(anonymous_20)
FNF:21
FNH:9
FNDA:24,(anonymous_0)
FNDA:0,(anonymous_1)
FNDA:5,(anonymous_2)
FNDA:0,(anonymous_3)
FNDA:0,(anonymous_4)
FNDA:0,(anonymous_5)
FNDA:0,(anonymous_6)
FNDA:0,(anonymous_7)
FNDA:0,(anonymous_8)
FNDA:0,(anonymous_9)
FNDA:0,(anonymous_10)
FNDA:0,(anonymous_11)
FNDA:31,(anonymous_12)
FNDA:10,(anonymous_13)
FNDA:4,(anonymous_14)
FNDA:23,(anonymous_15)
FNDA:17,(anonymous_16)
FNDA:6,(anonymous_17)
FNDA:1,(anonymous_18)
FNDA:0,(anonymous_19)
FNDA:0,(anonymous_20)
DA:17,1
DA:18,1
DA:19,1
DA:20,1
DA:21,1
DA:23,1
DA:24,1
DA:32,1
DA:34,1
DA:37,24
DA:38,19
DA:45,5
DA:46,5
DA:49,5
DA:55,24
DA:66,1
DA:67,0
DA:68,0
DA:70,0
DA:71,0
DA:73,0
DA:74,0
DA:100,1
DA:101,0
DA:102,0
DA:104,0
DA:105,0
DA:110,0
DA:111,0
DA:113,0
DA:114,0
DA:115,0
DA:117,0
DA:119,0
DA:121,0
DA:122,0
DA:124,0
DA:129,0
DA:133,0
DA:137,0
DA:147,0
DA:148,0
DA:149,0
DA:150,0
DA:152,0
DA:154,0
DA:156,0
DA:161,0
DA:166,0
DA:169,0
DA:171,0
DA:174,0
DA:179,0
DA:197,1
DA:200,31
DA:201,8
DA:203,8
DA:204,1
DA:206,1
DA:208,1
DA:211,8
DA:213,23
DA:214,1
DA:215,1
DA:218,1
DA:225,23
DA:227,23
DA:228,0
DA:229,0
DA:231,23
DA:233,23
DA:235,23
DA:237,23
DA:238,4
DA:240,19
DA:245,31
DA:255,1
DA:259,10
DA:260,8
DA:262,2
DA:264,2
DA:265,4
DA:269,10
DA:270,4
DA:272,8
DA:274,8
DA:275,5
DA:280,8
DA:283,10
DA:293,1
DA:294,23
DA:296,23
DA:297,22
DA:299,22
DA:300,2
DA:303,22
DA:304,22
DA:305,22
DA:306,22
DA:318,1
DA:319,17
DA:321,17
DA:322,2
DA:323,6
DA:330,17
DA:338,1
DA:339,1
DA:348,1
DA:349,0
DA:351,0
DA:357,1
DA:358,0
LF:112
LH:71
BRDA:37,0,0,19
BRDA:37,0,1,5
BRDA:73,1,0,0
BRDA:73,1,1,0
BRDA:110,2,0,0
BRDA:110,2,1,0
BRDA:121,3,0,0
BRDA:121,3,1,0
BRDA:133,4,0,0
BRDA:133,4,1,0
BRDA:138,5,0,0
BRDA:138,5,1,0
BRDA:138,5,2,0
BRDA:138,5,3,0
BRDA:138,5,4,0
BRDA:138,5,5,0
BRDA:200,6,0,8
BRDA:200,6,1,23
BRDA:203,7,0,1
BRDA:203,7,1,7
BRDA:203,8,0,8
BRDA:203,8,1,3
BRDA:213,9,0,1
BRDA:213,9,1,22
BRDA:213,10,0,23
BRDA:213,10,1,1
BRDA:227,11,0,0
BRDA:227,11,1,23
BRDA:237,12,0,4
BRDA:237,12,1,19
BRDA:259,13,0,8
BRDA:259,13,1,2
BRDA:269,14,0,2
BRDA:269,14,1,8
BRDA:274,15,0,5
BRDA:274,15,1,3
BRDA:296,16,0,22
BRDA:296,16,1,1
BRDA:297,17,0,22
BRDA:297,17,1,21
BRDA:299,18,0,2
BRDA:299,18,1,20
BRDA:321,19,0,2
BRDA:321,19,1,15
BRDA:325,20,0,6
BRDA:325,20,1,4
BRDA:351,21,0,0
BRDA:351,21,1,0
BRF:48
BRH:31
end_of_record
TN:
SF:/home/john-co/Liferay/public/master/modules/apps/frontend-js/frontend-js-web/src/main/resources/META-INF/resources/liferay/aop/AOP.es.js
FN:33,(anonymous_0)
FN:76,(anonymous_1)
FN:87,(anonymous_2)
FN:98,(anonymous_3)
FN:146,(anonymous_4)
FN:164,(anonymous_5)
FN:176,(anonymous_6)
FN:188,(anonymous_7)
FN:201,(anonymous_8)
FN:214,(anonymous_9)
FN:224,(anonymous_10)
FN:241,(anonymous_11)
FN:253,(anonymous_12)
FNF:13
FNH:13
FNDA:11,(anonymous_0)
FNDA:18,(anonymous_1)
FNDA:2,(anonymous_2)
FNDA:13,(anonymous_3)
FNDA:18,(anonymous_4)
FNDA:9,(anonymous_5)
FNDA:6,(anonymous_6)
FNDA:9,(anonymous_7)
FNDA:2,(anonymous_8)
FNDA:18,(anonymous_9)
FNDA:13,(anonymous_10)
FNDA:9,(anonymous_11)
FNDA:1,(anonymous_12)
DA:15,1
DA:17,1
DA:19,1
DA:21,1
DA:39,11
DA:46,11
DA:53,11
DA:60,11
DA:67,11
DA:77,18
DA:88,2
DA:90,2
DA:100,13
DA:103,13
DA:104,9
DA:106,9
DA:107,2
DA:108,1
DA:109,1
DA:110,1
DA:115,12
DA:116,11
DA:119,12
DA:120,12
DA:122,12
DA:123,8
DA:125,8
DA:126,7
DA:127,1
DA:128,6
DA:129,6
DA:131,6
DA:136,11
DA:147,18
DA:148,9
DA:150,9
DA:153,18
DA:165,9
DA:177,6
DA:189,9
DA:202,2
DA:215,18
DA:217,18
DA:218,11
DA:221,18
DA:222,11
DA:224,11
DA:225,13
DA:229,18
DA:242,9
DA:254,1
LF:51
LH:51
BRDA:88,0,0,2
BRDA:88,0,1,0
BRDA:106,1,0,2
BRDA:106,1,1,7
BRDA:106,2,0,9
BRDA:106,2,1,9
BRDA:107,3,0,1
BRDA:107,3,1,1
BRDA:109,4,0,1
BRDA:109,4,1,0
BRDA:115,5,0,11
BRDA:115,5,1,1
BRDA:125,6,0,7
BRDA:125,6,1,1
BRDA:125,7,0,8
BRDA:125,7,1,8
BRDA:126,8,0,1
BRDA:126,8,1,6
BRDA:128,9,0,6
BRDA:128,9,1,0
BRDA:147,10,0,9
BRDA:147,10,1,9
BRDA:217,11,0,11
BRDA:217,11,1,7
BRDA:221,12,0,11
BRDA:221,12,1,7
BRF:26
BRH:23
end_of_record
TN:
SF:/home/john-co/Liferay/public/master/modules/apps/frontend-js/frontend-js-web/src/main/resources/META-INF/resources/liferay/debounce/debounce.es.js
FN:21,debounce
FN:22,debounced
FN:25,(anonymous_2)
FN:35,cancelDebounce
FNF:4
FNH:4
FNDA:3,debounce
FNDA:6,debounced
FNDA:2,(anonymous_2)
FNDA:7,cancelDebounce
DA:22,3
DA:23,6
DA:24,6
DA:25,6
DA:26,2
DA:36,7
LF:6
LH:6
BRF:0
BRH:0
end_of_record
TN:
SF:/home/john-co/Liferay/public/master/modules/apps/frontend-js/frontend-js-web/src/main/resources/META-INF/resources/liferay/keyboard-focus/KeyboardFocusManager.es.js
FN:37,(anonymous_0)
FN:51,(anonymous_1)
FN:58,(anonymous_2)
FN:74,(anonymous_3)
FN:92,(anonymous_4)
FN:120,(anonymous_5)
FN:151,(anonymous_6)
FN:170,(anonymous_7)
FN:181,(anonymous_8)
FN:199,(anonymous_9)
FN:208,(anonymous_10)
FN:223,(anonymous_11)
FNF:12
FNH:12
FNDA:28,(anonymous_0)
FNDA:22,(anonymous_1)
FNDA:28,(anonymous_2)
FNDA:21,(anonymous_3)
FNDA:30,(anonymous_4)
FNDA:25,(anonymous_5)
FNDA:22,(anonymous_6)
FNDA:22,(anonymous_7)
FNDA:6,(anonymous_8)
FNDA:6,(anonymous_9)
FNDA:28,(anonymous_10)
FNDA:29,(anonymous_11)
DA:38,28
DA:39,28
DA:40,28
DA:41,28
DA:52,22
DA:59,28
DA:60,28
DA:61,28
DA:62,28
DA:75,21
DA:78,21
DA:79,22
DA:80,22
DA:81,22
DA:83,21
DA:93,30
DA:94,30
DA:95,25
DA:98,30
DA:99,30
DA:100,28
DA:102,30
DA:103,21
DA:104,21
DA:121,25
DA:122,25
DA:123,25
DA:124,3
DA:127,22
DA:128,22
DA:129,22
DA:133,9
DA:137,12
DA:139,1
DA:152,22
DA:153,22
DA:154,22
DA:155,8
DA:156,2
DA:157,6
DA:158,2
DA:161,22
DA:171,22
DA:182,6
DA:183,6
DA:200,6
DA:201,6
DA:209,28
DA:210,27
DA:216,28
DA:224,29
DA:225,27
DA:226,27
DA:228,29
DA:233,1
DA:236,1
LF:56
LH:56
BRDA:40,0,0,28
BRDA:40,0,1,1
BRDA:82,1,0,22
BRDA:82,1,1,1
BRDA:83,2,0,17
BRDA:83,2,1,4
BRDA:93,3,0,30
BRDA:93,3,1,6
BRDA:94,4,0,25
BRDA:94,4,1,5
BRDA:94,5,0,30
BRDA:94,5,1,6
BRDA:99,6,0,28
BRDA:99,6,1,2
BRDA:102,7,0,21
BRDA:102,7,1,9
BRDA:106,8,0,19
BRDA:106,8,1,2
BRDA:123,9,0,3
BRDA:123,9,1,22
BRDA:129,10,0,5
BRDA:129,10,1,9
BRDA:129,10,2,7
BRDA:129,10,3,12
BRDA:129,10,4,1
BRDA:154,11,0,8
BRDA:154,11,1,14
BRDA:155,12,0,2
BRDA:155,12,1,6
BRDA:157,13,0,2
BRDA:157,13,1,4
BRDA:171,14,0,22
BRDA:171,14,1,18
BRDA:209,15,0,27
BRDA:209,15,1,1
BRDA:224,16,0,27
BRDA:224,16,1,2
BRF:37
BRH:37
end_of_record
TN:
SF:/home/john-co/Liferay/public/master/modules/apps/frontend-js/frontend-js-web/src/main/resources/META-INF/resources/liferay/portlet/PortletInit.es.js
FN:90,(anonymous_0)
FN:118,(anonymous_1)
FN:119,(anonymous_2)
FN:121,(anonymous_3)
FN:129,(anonymous_4)
FN:130,(anonymous_5)
FN:138,(anonymous_6)
FN:155,(anonymous_7)
FN:157,(anonymous_8)
FN:173,(anonymous_9)
FN:174,(anonymous_10)
FN:181,(anonymous_11)
FN:206,(anonymous_12)
FN:212,(anonymous_13)
FN:215,(anonymous_14)
FN:234,(anonymous_15)
FN:245,(anonymous_16)
FN:252,(anonymous_17)
FN:284,(anonymous_18)
FN:307,(anonymous_19)
FN:325,(anonymous_20)
FN:327,(anonymous_21)
FN:334,(anonymous_22)
FN:351,(anonymous_23)
FN:353,(anonymous_24)
FN:379,(anonymous_25)
FN:380,(anonymous_26)
FN:405,(anonymous_27)
FN:415,(anonymous_28)
FN:443,(anonymous_29)
FN:444,(anonymous_30)
FN:448,(anonymous_31)
FN:466,(anonymous_32)
FN:482,(anonymous_33)
FN:485,(anonymous_34)
FN:502,(anonymous_35)
FN:503,(anonymous_36)
FN:507,(anonymous_37)
FN:518,(anonymous_38)
FN:565,(anonymous_39)
FN:570,(anonymous_40)
FN:603,(anonymous_41)
FN:606,(anonymous_42)
FN:622,(anonymous_43)
FN:680,(anonymous_44)
FN:747,(anonymous_45)
FN:754,(anonymous_46)
FN:772,(anonymous_47)
FN:784,(anonymous_48)
FN:787,(anonymous_49)
FN:803,(anonymous_50)
FN:819,(anonymous_51)
FN:871,(anonymous_52)
FN:900,(anonymous_53)
FN:934,(anonymous_54)
FN:945,(anonymous_55)
FNF:56
FNH:46
FNDA:329,(anonymous_0)
FNDA:8,(anonymous_1)
FNDA:8,(anonymous_2)
FNDA:8,(anonymous_3)
FNDA:8,(anonymous_4)
FNDA:8,(anonymous_5)
FNDA:0,(anonymous_6)
FNDA:17,(anonymous_7)
FNDA:56,(anonymous_8)
FNDA:0,(anonymous_9)
FNDA:0,(anonymous_10)
FNDA:0,(anonymous_11)
FNDA:5,(anonymous_12)
FNDA:5,(anonymous_13)
FNDA:0,(anonymous_14)
FNDA:3,(anonymous_15)
FNDA:0,(anonymous_16)
FNDA:0,(anonymous_17)
FNDA:3,(anonymous_18)
FNDA:11,(anonymous_19)
FNDA:8,(anonymous_20)
FNDA:8,(anonymous_21)
FNDA:0,(anonymous_22)
FNDA:22,(anonymous_23)
FNDA:22,(anonymous_24)
FNDA:5,(anonymous_25)
FNDA:5,(anonymous_26)
FNDA:13,(anonymous_27)
FNDA:91,(anonymous_28)
FNDA:16,(anonymous_29)
FNDA:16,(anonymous_30)
FNDA:94,(anonymous_31)
FNDA:3,(anonymous_32)
FNDA:3,(anonymous_33)
FNDA:0,(anonymous_34)
FNDA:241,(anonymous_35)
FNDA:258,(anonymous_36)
FNDA:502,(anonymous_37)
FNDA:91,(anonymous_38)
FNDA:19,(anonymous_39)
FNDA:36,(anonymous_40)
FNDA:8,(anonymous_41)
FNDA:0,(anonymous_42)
FNDA:180,(anonymous_43)
FNDA:14,(anonymous_44)
FNDA:24,(anonymous_45)
FNDA:33,(anonymous_46)
FNDA:31,(anonymous_47)
FNDA:1,(anonymous_48)
FNDA:4,(anonymous_49)
FNDA:3,(anonymous_50)
FNDA:175,(anonymous_51)
FNDA:3,(anonymous_52)
FNDA:5,(anonymous_53)
FNDA:5,(anonymous_54)
FNDA:5,(anonymous_55)
DA:42,6
DA:50,6
DA:58,6
DA:66,6
DA:74,6
DA:91,329
DA:93,329
DA:95,329
DA:96,6
DA:98,6
DA:101,329
DA:105,329
DA:119,8
DA:120,8
DA:122,8
DA:128,8
DA:129,8
DA:131,8
DA:136,8
DA:139,0
DA:156,17
DA:157,56
DA:160,17
DA:174,0
DA:175,0
DA:177,0
DA:181,0
DA:182,0
DA:185,0
DA:207,5
DA:208,0
DA:211,5
DA:213,5
DA:216,0
DA:218,0
DA:235,3
DA:241,3
DA:243,3
DA:245,3
DA:246,0
DA:248,0
DA:250,0
DA:252,0
DA:253,0
DA:254,0
DA:256,0
DA:258,0
DA:260,0
DA:261,0
DA:264,0
DA:269,0
DA:274,3
DA:278,3
DA:279,3
DA:284,3
DA:285,3
DA:290,3
DA:292,3
DA:308,11
DA:309,2
DA:315,9
DA:316,1
DA:322,8
DA:324,8
DA:326,8
DA:328,8
DA:330,8
DA:335,0
DA:337,0
DA:352,22
DA:353,22
DA:354,22
DA:356,22
DA:357,6
DA:359,16
DA:360,16
DA:380,5
DA:381,5
DA:382,5
DA:387,5
DA:389,0
DA:406,13
DA:407,13
DA:409,13
DA:413,13
DA:415,13
DA:416,91
DA:417,91
DA:418,91
DA:424,13
DA:425,13
DA:428,13
DA:444,16
DA:445,16
DA:446,0
DA:448,16
DA:449,94
DA:453,16
DA:467,3
DA:468,0
DA:472,3
DA:473,0
DA:479,3
DA:481,3
DA:483,3
DA:486,0
DA:487,0
DA:503,258
DA:505,241
DA:507,241
DA:508,502
DA:509,35
DA:512,467
DA:513,170
DA:517,241
DA:518,206
DA:519,91
DA:521,91
DA:522,72
DA:523,72
DA:524,72
DA:526,72
DA:527,0
DA:530,72
DA:531,72
DA:535,72
DA:536,26
DA:542,46
DA:546,91
DA:566,19
DA:567,19
DA:568,19
DA:570,19
DA:571,36
DA:572,14
DA:573,1
DA:578,13
DA:579,22
DA:580,17
DA:582,16
DA:583,1
DA:586,15
DA:587,5
DA:588,5
DA:590,5
DA:595,28
DA:598,11
DA:599,11
DA:602,11
DA:604,8
DA:607,0
DA:623,180
DA:624,2
DA:629,178
DA:630,8
DA:633,170
DA:635,170
DA:636,151
DA:640,1
DA:646,169
DA:648,169
DA:655,169
DA:657,169
DA:658,147
DA:661,169
DA:681,14
DA:682,1
DA:685,13
DA:686,11
DA:687,9
DA:689,2
DA:695,10
DA:697,10
DA:698,8
DA:699,7
DA:704,6
DA:706,1
DA:711,1
DA:717,8
DA:718,2
DA:721,8
DA:722,0
DA:727,8
DA:748,24
DA:750,17
DA:751,2
DA:754,15
DA:755,33
DA:757,33
DA:758,10
DA:759,10
DA:761,33
DA:773,31
DA:785,1
DA:787,1
DA:788,4
DA:789,2
DA:792,1
DA:804,3
DA:820,175
DA:821,2
DA:826,173
DA:827,3
DA:832,170
DA:834,170
DA:835,165
DA:836,165
DA:838,165
DA:840,165
DA:841,200
DA:843,200
DA:844,98
DA:848,165
DA:852,170
DA:853,5
DA:872,3
DA:874,3
DA:878,3
DA:880,3
DA:881,3
DA:901,5
DA:903,5
DA:905,5
DA:906,0
DA:907,5
DA:908,5
DA:909,5
DA:911,5
DA:913,0
DA:919,5
DA:920,0
DA:924,5
DA:925,0
DA:931,5
DA:933,5
DA:935,5
DA:940,5
DA:946,5
DA:947,5
LF:239
LH:202
BRDA:42,0,0,6
BRDA:42,0,1,6
BRDA:95,1,0,6
BRDA:95,1,1,323
BRDA:177,2,0,0
BRDA:177,2,1,0
BRDA:178,3,0,0
BRDA:178,3,1,0
BRDA:207,4,0,0
BRDA:207,4,1,5
BRDA:253,5,0,0
BRDA:253,5,1,0
BRDA:260,6,0,0
BRDA:260,6,1,0
BRDA:308,7,0,2
BRDA:308,7,1,9
BRDA:315,8,0,1
BRDA:315,8,1,8
BRDA:352,9,0,22
BRDA:352,9,1,0
BRDA:356,10,0,6
BRDA:356,10,1,16
BRDA:424,11,0,13
BRDA:424,11,1,0
BRDA:424,12,0,13
BRDA:424,12,1,13
BRDA:445,13,0,0
BRDA:445,13,1,16
BRDA:467,14,0,0
BRDA:467,14,1,3
BRDA:472,15,0,0
BRDA:472,15,1,3
BRDA:508,16,0,35
BRDA:508,16,1,467
BRDA:512,17,0,170
BRDA:512,17,1,297
BRDA:512,18,0,467
BRDA:512,18,1,176
BRDA:517,19,0,206
BRDA:517,19,1,35
BRDA:526,20,0,0
BRDA:526,20,1,72
BRDA:535,21,0,26
BRDA:535,21,1,46
BRDA:535,22,0,72
BRDA:535,22,1,72
BRDA:571,23,0,14
BRDA:571,23,1,22
BRDA:572,24,0,1
BRDA:572,24,1,13
BRDA:579,25,0,17
BRDA:579,25,1,5
BRDA:582,26,0,1
BRDA:582,26,1,15
BRDA:587,27,0,5
BRDA:587,27,1,0
BRDA:598,28,0,11
BRDA:598,28,1,0
BRDA:623,29,0,2
BRDA:623,29,1,178
BRDA:629,30,0,8
BRDA:629,30,1,170
BRDA:629,31,0,178
BRDA:629,31,1,174
BRDA:635,32,0,151
BRDA:635,32,1,19
BRDA:636,33,0,1
BRDA:636,33,1,150
BRDA:637,34,0,151
BRDA:637,34,1,4
BRDA:657,35,0,147
BRDA:657,35,1,22
BRDA:681,36,0,1
BRDA:681,36,1,13
BRDA:685,37,0,11
BRDA:685,37,1,2
BRDA:686,38,0,9
BRDA:686,38,1,2
BRDA:697,39,0,8
BRDA:697,39,1,2
BRDA:698,40,0,7
BRDA:698,40,1,1
BRDA:699,41,0,6
BRDA:699,41,1,1
BRDA:700,42,0,7
BRDA:700,42,1,3
BRDA:700,42,2,2
BRDA:717,43,0,2
BRDA:717,43,1,6
BRDA:721,44,0,0
BRDA:721,44,1,8
BRDA:721,45,0,8
BRDA:721,45,1,1
BRDA:750,46,0,2
BRDA:750,46,1,15
BRDA:757,47,0,10
BRDA:757,47,1,23
BRDA:784,48,0,0
BRDA:788,49,0,2
BRDA:788,49,1,2
BRDA:820,50,0,2
BRDA:820,50,1,173
BRDA:826,51,0,3
BRDA:826,51,1,170
BRDA:834,52,0,165
BRDA:834,52,1,5
BRDA:835,53,0,165
BRDA:835,53,1,0
BRDA:843,54,0,98
BRDA:843,54,1,102
BRDA:843,55,0,200
BRDA:843,55,1,152
BRDA:852,56,0,5
BRDA:852,56,1,165
BRDA:874,57,0,3
BRDA:874,57,1,0
BRDA:875,58,0,3
BRDA:875,58,1,3
BRDA:905,59,0,0
BRDA:905,59,1,5
BRDA:907,60,0,5
BRDA:907,60,1,0
BRDA:908,61,0,5
BRDA:908,61,1,0
BRDA:919,62,0,0
BRDA:919,62,1,5
BRDA:924,63,0,0
BRDA:924,63,1,5
BRF:128
BRH:102
end_of_record
TN:
SF:/home/john-co/Liferay/public/master/modules/apps/frontend-js/frontend-js-web/src/main/resources/META-INF/resources/liferay/portlet/RenderState.es.js
FN:20,(anonymous_0)
FN:37,(anonymous_1)
FN:47,(anonymous_2)
FN:70,(anonymous_3)
FN:86,(anonymous_4)
FN:115,(anonymous_5)
FN:132,(anonymous_6)
FN:143,(anonymous_7)
FN:161,(anonymous_8)
FN:184,(anonymous_9)
FN:211,(anonymous_10)
FN:224,(anonymous_11)
FNF:12
FNH:10
FNDA:99,(anonymous_0)
FNDA:1,(anonymous_1)
FNDA:82,(anonymous_2)
FNDA:0,(anonymous_3)
FNDA:10,(anonymous_4)
FNDA:9,(anonymous_5)
FNDA:0,(anonymous_6)
FNDA:2,(anonymous_7)
FNDA:82,(anonymous_8)
FNDA:13,(anonymous_9)
FNDA:6,(anonymous_10)
FNDA:82,(anonymous_11)
DA:21,99
DA:22,82
DA:24,17
DA:25,17
DA:26,17
DA:38,1
DA:48,82
DA:50,82
DA:51,18
DA:55,15
DA:59,82
DA:60,82
DA:71,0
DA:87,10
DA:88,1
DA:91,9
DA:93,9
DA:94,8
DA:97,9
DA:98,1
DA:101,9
DA:116,9
DA:117,1
DA:120,8
DA:122,8
DA:133,0
DA:144,2
DA:145,1
DA:148,1
DA:149,1
DA:162,82
DA:163,0
DA:166,82
DA:171,82
DA:185,13
DA:186,1
DA:189,12
DA:190,6
DA:195,6
DA:196,4
DA:199,6
DA:212,6
DA:225,82
DA:226,0
DA:229,82
DA:234,82
LF:46
LH:42
BRDA:21,0,0,82
BRDA:21,0,1,17
BRDA:51,1,0,15
BRDA:51,1,1,3
BRDA:52,2,0,18
BRDA:52,2,1,18
BRDA:87,3,0,1
BRDA:87,3,1,9
BRDA:93,4,0,8
BRDA:93,4,1,1
BRDA:97,5,0,1
BRDA:97,5,1,8
BRDA:97,6,0,9
BRDA:97,6,1,1
BRDA:116,7,0,1
BRDA:116,7,1,8
BRDA:122,8,0,7
BRDA:122,8,1,1
BRDA:144,9,0,1
BRDA:144,9,1,1
BRDA:148,10,0,1
BRDA:148,10,1,0
BRDA:162,11,0,0
BRDA:162,11,1,82
BRDA:166,12,0,82
BRDA:166,12,1,0
BRDA:167,13,0,82
BRDA:167,13,1,77
BRDA:167,13,2,77
BRDA:185,14,0,1
BRDA:185,14,1,12
BRDA:189,15,0,6
BRDA:189,15,1,6
BRDA:189,16,0,12
BRDA:189,16,1,10
BRDA:189,16,2,8
BRDA:195,17,0,4
BRDA:195,17,1,2
BRDA:225,18,0,0
BRDA:225,18,1,82
BRDA:229,19,0,82
BRDA:229,19,1,0
BRDA:230,20,0,82
BRDA:230,20,1,81
BRDA:230,20,2,79
BRF:45
BRH:40
end_of_record
TN:
SF:/home/john-co/Liferay/public/master/modules/apps/frontend-js/frontend-js-web/src/main/resources/META-INF/resources/liferay/portlet/portlet_constants.es.js
FNF:0
FNH:0
DA:17,6
LF:1
LH:1
BRF:0
BRH:0
end_of_record
TN:
SF:/home/john-co/Liferay/public/master/modules/apps/frontend-js/frontend-js-web/src/main/resources/META-INF/resources/liferay/portlet/portlet_util.es.js
FN:56,(anonymous_0)
FN:68,(anonymous_1)
FN:98,(anonymous_2)
FN:112,(anonymous_3)
FN:148,(anonymous_4)
FN:159,(anonymous_5)
FN:185,(anonymous_6)
FN:233,(anonymous_7)
FN:276,(anonymous_8)
FN:315,(anonymous_9)
FN:330,(anonymous_10)
FN:362,(anonymous_11)
FN:452,(anonymous_12)
FN:482,(anonymous_13)
FN:487,(anonymous_14)
FN:528,(anonymous_15)
FN:550,(anonymous_16)
FN:587,(anonymous_17)
FN:618,(anonymous_18)
FN:644,(anonymous_19)
FN:671,(anonymous_20)
FN:684,(anonymous_21)
FN:711,(anonymous_22)
FN:749,(anonymous_23)
FN:814,(anonymous_24)
FN:821,(anonymous_25)
FN:842,(anonymous_26)
FN:858,(anonymous_27)
FNF:28
FNH:18
FNDA:13,(anonymous_0)
FNDA:0,(anonymous_1)
FNDA:8,(anonymous_2)
FNDA:0,(anonymous_3)
FNDA:12,(anonymous_4)
FNDA:12,(anonymous_5)
FNDA:8,(anonymous_6)
FNDA:100,(anonymous_7)
FNDA:20,(anonymous_8)
FNDA:3,(anonymous_9)
FNDA:0,(anonymous_10)
FNDA:43,(anonymous_11)
FNDA:0,(anonymous_12)
FNDA:100,(anonymous_13)
FNDA:100,(anonymous_14)
FNDA:12,(anonymous_15)
FNDA:0,(anonymous_16)
FNDA:0,(anonymous_17)
FNDA:0,(anonymous_18)
FNDA:0,(anonymous_19)
FNDA:0,(anonymous_20)
FNDA:0,(anonymous_21)
FNDA:357,(anonymous_22)
FNDA:11,(anonymous_23)
FNDA:34,(anonymous_24)
FNDA:20,(anonymous_25)
FNDA:329,(anonymous_26)
FNDA:3,(anonymous_27)
DA:19,6
DA:21,6
DA:23,6
DA:25,6
DA:27,6
DA:29,6
DA:31,6
DA:33,6
DA:35,6
DA:37,6
DA:39,6
DA:41,6
DA:43,6
DA:56,6
DA:58,13
DA:62,13
DA:63,13
DA:65,13
DA:66,0
DA:68,0
DA:69,0
DA:70,0
DA:72,0
DA:73,0
DA:78,0
DA:79,0
DA:87,13
DA:98,6
DA:99,8
DA:101,8
DA:102,0
DA:103,0
DA:104,0
DA:105,0
DA:106,0
DA:108,0
DA:109,0
DA:110,0
DA:112,0
DA:113,0
DA:114,0
DA:117,0
DA:121,0
DA:124,0
DA:129,0
DA:132,0
DA:137,8
DA:148,6
DA:149,12
DA:151,12
DA:152,12
DA:153,0
DA:159,12
DA:160,12
DA:162,12
DA:163,0
DA:165,12
DA:171,12
DA:185,6
DA:186,8
DA:192,8
DA:193,8
DA:195,8
DA:196,0
DA:198,0
DA:200,8
DA:201,8
DA:203,8
DA:204,8
DA:205,8
DA:207,0
DA:210,8
DA:212,0
DA:213,0
DA:220,8
DA:233,6
DA:240,100
DA:242,100
DA:243,100
DA:245,100
DA:246,100
DA:248,100
DA:251,0
DA:252,0
DA:253,0
DA:254,0
DA:259,0
DA:265,100
DA:276,6
DA:280,20
DA:282,20
DA:283,20
DA:285,20
DA:286,20
DA:288,20
DA:293,20
DA:301,20
DA:315,6
DA:320,3
DA:322,3
DA:323,3
DA:325,3
DA:326,3
DA:328,3
DA:330,3
DA:331,0
DA:339,0
DA:341,0
DA:347,3
DA:362,6
DA:370,43
DA:371,43
DA:372,43
DA:374,43
DA:377,43
DA:378,0
DA:381,43
DA:383,43
DA:384,21
DA:385,8
DA:387,8
DA:388,8
DA:391,8
DA:397,8
DA:398,1
DA:404,13
DA:405,0
DA:406,13
DA:407,0
DA:408,13
DA:409,8
DA:410,8
DA:415,5
DA:416,5
DA:417,5
DA:429,21
DA:434,20
DA:435,20
DA:445,20
DA:446,20
DA:447,20
DA:448,20
DA:450,20
DA:452,20
DA:453,0
DA:460,0
DA:469,20
DA:475,20
DA:476,20
DA:478,20
DA:480,20
DA:482,20
DA:483,100
DA:487,100
DA:489,100
DA:491,100
DA:495,100
DA:501,100
DA:511,100
DA:516,20
DA:524,43
DA:525,41
DA:526,41
DA:528,41
DA:529,12
DA:535,41
DA:538,43
DA:550,6
DA:551,0
DA:555,0
DA:556,0
DA:559,0
DA:560,0
DA:563,0
DA:564,0
DA:567,0
DA:568,0
DA:569,0
DA:573,0
DA:587,6
DA:593,0
DA:595,0
DA:596,0
DA:598,0
DA:599,0
DA:600,0
DA:602,0
DA:606,0
DA:618,6
DA:619,0
DA:621,0
DA:622,0
DA:624,0
DA:625,0
DA:627,0
DA:631,0
DA:644,6
DA:645,0
DA:647,0
DA:648,0
DA:650,0
DA:651,0
DA:653,0
DA:658,0
DA:661,0
DA:665,0
DA:669,0
DA:671,0
DA:672,0
DA:673,0
DA:675,0
DA:676,0
DA:682,0
DA:684,0
DA:685,0
DA:686,0
DA:693,0
DA:711,6
DA:712,357
DA:713,4
DA:716,353
DA:717,2
DA:720,351
DA:721,351
DA:723,351
DA:724,351
DA:725,2
DA:732,349
DA:733,0
DA:749,6
DA:750,11
DA:751,0
DA:754,11
DA:756,11
DA:757,0
DA:762,11
DA:764,11
DA:769,0
DA:774,11
DA:775,0
DA:780,11
DA:781,11
DA:783,11
DA:784,0
DA:788,0
DA:814,6
DA:815,34
DA:816,0
DA:819,34
DA:821,34
DA:822,20
DA:823,2
DA:826,18
DA:827,0
DA:842,6
DA:843,329
DA:858,6
DA:859,3
DA:861,3
DA:863,3
DA:864,0
DA:868,3
DA:870,3
DA:871,0
DA:877,3
DA:879,3
DA:880,0
DA:884,3
DA:886,3
DA:887,0
LF:270
LH:167
BRDA:58,0,0,13
BRDA:58,0,1,0
BRDA:58,1,0,13
BRDA:58,1,1,13
BRDA:65,2,0,0
BRDA:65,2,1,13
BRDA:72,3,0,0
BRDA:72,3,1,0
BRDA:72,4,0,0
BRDA:72,4,1,0
BRDA:78,5,0,0
BRDA:78,5,1,0
BRDA:105,6,0,0
BRDA:105,6,1,0
BRDA:108,7,0,0
BRDA:108,7,1,0
BRDA:108,8,0,0
BRDA:108,8,1,0
BRDA:108,8,2,0
BRDA:109,9,0,0
BRDA:109,9,1,0
BRDA:109,10,0,0
BRDA:109,10,1,0
BRDA:113,11,0,0
BRDA:113,11,1,0
BRDA:124,12,0,0
BRDA:124,12,1,0
BRDA:125,13,0,0
BRDA:125,13,1,0
BRDA:125,13,2,0
BRDA:151,14,0,12
BRDA:151,14,1,0
BRDA:152,15,0,0
BRDA:152,15,1,12
BRDA:162,16,0,0
BRDA:162,16,1,12
BRDA:192,17,0,8
BRDA:192,17,1,0
BRDA:195,18,0,0
BRDA:195,18,1,8
BRDA:201,19,0,8
BRDA:201,19,1,0
BRDA:203,20,0,8
BRDA:203,20,1,0
BRDA:204,21,0,8
BRDA:204,21,1,0
BRDA:242,22,0,100
BRDA:242,22,1,0
BRDA:242,23,0,100
BRDA:242,23,1,100
BRDA:245,24,0,100
BRDA:245,24,1,0
BRDA:245,25,0,100
BRDA:245,25,1,100
BRDA:245,25,2,100
BRDA:248,26,0,0
BRDA:248,26,1,100
BRDA:251,27,0,0
BRDA:251,27,1,0
BRDA:253,28,0,0
BRDA:253,28,1,0
BRDA:282,29,0,20
BRDA:282,29,1,0
BRDA:285,30,0,20
BRDA:285,30,1,0
BRDA:322,31,0,3
BRDA:322,31,1,0
BRDA:322,32,0,3
BRDA:322,32,1,3
BRDA:325,33,0,3
BRDA:325,33,1,0
BRDA:325,34,0,3
BRDA:325,34,1,3
BRDA:331,35,0,0
BRDA:331,35,1,0
BRDA:374,36,0,43
BRDA:374,36,1,0
BRDA:374,37,0,43
BRDA:374,37,1,43
BRDA:377,38,0,0
BRDA:377,38,1,43
BRDA:377,39,0,43
BRDA:377,39,1,22
BRDA:383,40,0,21
BRDA:383,40,1,22
BRDA:384,41,0,8
BRDA:384,41,1,13
BRDA:387,42,0,8
BRDA:387,42,1,0
BRDA:397,43,0,1
BRDA:397,43,1,7
BRDA:404,44,0,0
BRDA:404,44,1,13
BRDA:404,45,0,13
BRDA:404,45,1,0
BRDA:406,46,0,0
BRDA:406,46,1,13
BRDA:408,47,0,8
BRDA:408,47,1,5
BRDA:415,48,0,5
BRDA:415,48,1,0
BRDA:429,49,0,20
BRDA:429,49,1,1
BRDA:429,50,0,21
BRDA:429,50,1,8
BRDA:434,51,0,20
BRDA:434,51,1,0
BRDA:445,52,0,20
BRDA:445,52,1,0
BRDA:447,53,0,20
BRDA:447,53,1,0
BRDA:447,54,0,20
BRDA:447,54,1,20
BRDA:453,55,0,0
BRDA:453,55,1,0
BRDA:475,56,0,20
BRDA:475,56,1,0
BRDA:495,57,0,100
BRDA:495,57,1,0
BRDA:524,58,0,41
BRDA:524,58,1,2
BRDA:555,59,0,0
BRDA:555,59,1,0
BRDA:555,60,0,0
BRDA:555,60,1,0
BRDA:559,61,0,0
BRDA:559,61,1,0
BRDA:559,62,0,0
BRDA:559,62,1,0
BRDA:563,63,0,0
BRDA:563,63,1,0
BRDA:568,64,0,0
BRDA:568,64,1,0
BRDA:595,65,0,0
BRDA:595,65,1,0
BRDA:595,66,0,0
BRDA:595,66,1,0
BRDA:598,67,0,0
BRDA:598,67,1,0
BRDA:598,68,0,0
BRDA:598,68,1,0
BRDA:621,69,0,0
BRDA:621,69,1,0
BRDA:621,70,0,0
BRDA:621,70,1,0
BRDA:624,71,0,0
BRDA:624,71,1,0
BRDA:624,72,0,0
BRDA:624,72,1,0
BRDA:647,73,0,0
BRDA:647,73,1,0
BRDA:647,74,0,0
BRDA:647,74,1,0
BRDA:650,75,0,0
BRDA:650,75,1,0
BRDA:653,76,0,0
BRDA:653,76,1,0
BRDA:654,77,0,0
BRDA:654,77,1,0
BRDA:654,77,2,0
BRDA:661,78,0,0
BRDA:661,78,1,0
BRDA:662,79,0,0
BRDA:662,79,1,0
BRDA:675,80,0,0
BRDA:675,80,1,0
BRDA:685,81,0,0
BRDA:685,81,1,0
BRDA:711,82,0,0
BRDA:711,83,0,0
BRDA:711,84,0,0
BRDA:711,85,0,0
BRDA:712,86,0,4
BRDA:712,86,1,353
BRDA:716,87,0,2
BRDA:716,87,1,351
BRDA:720,88,0,351
BRDA:720,88,1,0
BRDA:724,89,0,2
BRDA:724,89,1,349
BRDA:732,90,0,0
BRDA:732,90,1,349
BRDA:732,91,0,349
BRDA:732,91,1,349
BRDA:750,92,0,0
BRDA:750,92,1,11
BRDA:754,93,0,11
BRDA:754,93,1,0
BRDA:756,94,0,0
BRDA:756,94,1,11
BRDA:756,95,0,11
BRDA:756,95,1,11
BRDA:756,95,2,0
BRDA:764,96,0,0
BRDA:764,96,1,11
BRDA:765,97,0,11
BRDA:765,97,1,11
BRDA:765,97,2,0
BRDA:774,98,0,0
BRDA:774,98,1,11
BRDA:774,99,0,11
BRDA:774,99,1,11
BRDA:774,99,2,0
BRDA:780,100,0,11
BRDA:780,100,1,0
BRDA:780,101,0,11
BRDA:780,101,1,11
BRDA:784,102,0,0
BRDA:784,102,1,0
BRDA:785,103,0,0
BRDA:785,103,1,0
BRDA:815,104,0,0
BRDA:815,104,1,34
BRDA:822,105,0,2
BRDA:822,105,1,18
BRDA:826,106,0,0
BRDA:826,106,1,18
BRDA:842,107,0,0
BRDA:842,108,0,0
BRDA:844,109,0,329
BRDA:844,109,1,329
BRDA:858,110,0,0
BRDA:858,111,0,0
BRDA:863,112,0,0
BRDA:863,112,1,3
BRDA:870,113,0,0
BRDA:870,113,1,3
BRDA:879,114,0,0
BRDA:879,114,1,3
BRDA:886,115,0,0
BRDA:886,115,1,3
BRF:231
BRH:94
end_of_record
TN:
SF:/home/john-co/Liferay/public/master/modules/apps/frontend-js/frontend-js-web/src/main/resources/META-INF/resources/liferay/portlet/register.es.js
FN:27,(anonymous_0)
FN:32,(anonymous_1)
FNF:2
FNH:2
FNDA:330,(anonymous_0)
FNDA:329,(anonymous_1)
DA:27,6
DA:28,330
DA:30,329
DA:32,329
DA:33,329
DA:34,329
DA:36,0
LF:7
LH:6
BRDA:33,0,0,329
BRDA:33,0,1,0
BRF:2
BRH:1
end_of_record
TN:
SF:/home/john-co/Liferay/public/master/modules/apps/frontend-js/frontend-js-web/src/main/resources/META-INF/resources/liferay/util/fetch.es.js
FN:28,defaultFetch
FN:31,(anonymous_1)
FNF:2
FNH:2
FNDA:15,defaultFetch
FNDA:9,(anonymous_1)
DA:15,7
DA:29,15
DA:31,15
DA:32,9
DA:35,15
DA:40,15
DA:42,15
LF:7
LH:7
BRDA:28,0,0,1
BRDA:31,1,0,15
BRDA:31,1,1,9
BRF:3
BRH:3
end_of_record
TN:
SF:/home/john-co/Liferay/public/master/modules/apps/frontend-js/frontend-js-web/src/main/resources/META-INF/resources/liferay/util/format_storage.es.js
FN:34,formatStorage
FNF:1
FNH:1
FNDA:5,formatStorage
DA:17,1
DA:42,5
DA:47,5
DA:48,1
DA:51,4
DA:52,4
DA:54,4
DA:56,4
DA:57,2
DA:59,2
DA:60,2
DA:63,4
DA:64,0
DA:66,0
DA:67,0
DA:70,4
DA:72,4
DA:73,1
DA:76,4
LF:19
LH:16
BRDA:34,0,0,4
BRDA:47,1,0,1
BRDA:47,1,1,4
BRDA:56,2,0,2
BRDA:56,2,1,2
BRDA:63,3,0,0
BRDA:63,3,1,4
BRDA:72,4,0,1
BRDA:72,4,1,3
BRDA:76,5,0,1
BRDA:76,5,1,3
BRF:11
BRH:10
end_of_record
TN:
SF:/home/john-co/Liferay/public/master/modules/apps/frontend-js/frontend-js-web/src/main/resources/META-INF/resources/liferay/util/format_xml.es.js
FN:66,formatXML
FN:87,(anonymous_1)
FN:175,indent
FNF:3
FNH:3
FNDA:3,formatXML
FNDA:26,(anonymous_1)
FNDA:18,indent
DA:17,1
DA:19,1
DA:21,1
DA:23,1
DA:25,1
DA:27,1
DA:29,1
DA:31,1
DA:33,1
DA:35,1
DA:37,1
DA:39,1
DA:41,1
DA:43,1
DA:45,1
DA:47,1
DA:49,1
DA:51,1
DA:53,1
DA:55,1
DA:67,3
DA:72,3
DA:73,1
DA:76,2
DA:77,2
DA:78,2
DA:79,2
DA:81,2
DA:82,2
DA:83,2
DA:84,2
DA:85,2
DA:87,2
DA:88,26
DA:89,2
DA:91,2
DA:93,2
DA:95,2
DA:99,2
DA:101,2
DA:103,24
DA:104,0
DA:106,0
DA:108,0
DA:109,24
DA:118,8
DA:120,8
DA:121,8
DA:123,16
DA:128,10
DA:129,0
DA:131,10
DA:133,6
DA:137,0
DA:138,0
DA:140,0
DA:142,6
DA:143,2
DA:144,0
DA:146,2
DA:148,4
DA:149,0
DA:150,0
DA:152,0
DA:154,4
DA:155,2
DA:156,2
DA:157,2
DA:159,0
DA:162,26
DA:163,4
DA:167,2
DA:176,18
LF:73
LH:61
BRDA:66,0,0,2
BRDA:72,1,0,1
BRDA:72,1,1,2
BRDA:88,2,0,2
BRDA:88,2,1,24
BRDA:95,3,0,2
BRDA:95,3,1,0
BRDA:96,4,0,2
BRDA:96,4,1,2
BRDA:103,5,0,0
BRDA:103,5,1,24
BRDA:109,6,0,8
BRDA:109,6,1,16
BRDA:110,7,0,24
BRDA:110,7,1,10
BRDA:110,7,2,8
BRDA:120,8,0,8
BRDA:120,8,1,0
BRDA:123,9,0,10
BRDA:123,9,1,6
BRDA:124,10,0,16
BRDA:124,10,1,10
BRDA:124,10,2,10
BRDA:128,11,0,0
BRDA:128,11,1,10
BRDA:133,12,0,0
BRDA:133,12,1,6
BRDA:134,13,0,6
BRDA:134,13,1,0
BRDA:137,14,0,0
BRDA:137,14,1,0
BRDA:142,15,0,2
BRDA:142,15,1,4
BRDA:143,16,0,0
BRDA:143,16,1,2
BRDA:148,17,0,0
BRDA:148,17,1,4
BRDA:149,18,0,0
BRDA:149,18,1,0
BRDA:154,19,0,2
BRDA:154,19,1,2
BRDA:156,20,0,2
BRDA:156,20,1,0
BRDA:162,21,0,4
BRDA:162,21,1,22
BRF:45
BRH:32
end_of_record
TN:
SF:/home/john-co/Liferay/public/master/modules/apps/frontend-js/frontend-js-web/src/main/resources/META-INF/resources/liferay/util/get_crop_region.es.js
FN:27,getCropRegion
FNF:1
FNH:1
FNDA:5,getCropRegion
DA:28,5
DA:32,1
DA:35,4
DA:36,1
DA:39,3
DA:40,3
DA:42,3
DA:45,3
DA:49,3
DA:50,3
DA:52,3
LF:11
LH:11
BRDA:28,0,0,1
BRDA:28,0,1,4
BRDA:29,1,0,5
BRDA:29,1,1,5
BRDA:29,1,2,5
BRDA:35,2,0,1
BRDA:35,2,1,3
BRDA:42,3,0,2
BRDA:42,3,1,1
BRDA:45,4,0,2
BRDA:45,4,1,1
BRDA:49,5,0,1
BRDA:49,5,1,2
BRDA:50,6,0,1
BRDA:50,6,1,2
BRF:15
BRH:15
end_of_record
TN:
SF:/home/john-co/Liferay/public/master/modules/apps/frontend-js/frontend-js-web/src/main/resources/META-INF/resources/liferay/util/get_portlet_namespace.es.js
FN:21,getPortletNamespace
FNF:1
FNH:1
FNDA:7,getPortletNamespace
DA:22,7
DA:23,1
DA:26,6
LF:3
LH:3
BRDA:22,0,0,1
BRDA:22,0,1,6
BRF:2
BRH:2
end_of_record
TN:
SF:/home/john-co/Liferay/public/master/modules/apps/frontend-js/frontend-js-web/src/main/resources/META-INF/resources/liferay/util/navigate.es.js
FN:25,(anonymous_0)
FN:30,(anonymous_1)
FNF:2
FNH:2
FNDA:3,(anonymous_0)
FNDA:2,(anonymous_1)
DA:26,3
DA:27,2
DA:29,2
DA:30,1
DA:31,2
DA:35,1
LF:6
LH:6
BRDA:26,0,0,2
BRDA:26,0,1,1
BRDA:29,1,0,1
BRDA:29,1,1,1
BRF:4
BRH:4
end_of_record
TN:
SF:/home/john-co/Liferay/public/master/modules/apps/frontend-js/frontend-js-web/src/main/resources/META-INF/resources/liferay/util/ns.es.js
FN:17,(anonymous_0)
FN:18,(anonymous_1)
FN:25,(anonymous_2)
FN:33,(anonymous_3)
FN:43,(anonymous_4)
FNF:5
FNH:5
FNDA:1,(anonymous_0)
FNDA:7,(anonymous_1)
FNDA:7,(anonymous_2)
FNDA:1,(anonymous_3)
FNDA:7,(anonymous_4)
DA:17,1
DA:18,1
DA:19,7
DA:25,1
DA:26,7
DA:27,7
DA:30,7
DA:36,1
DA:37,0
DA:39,1
DA:41,1
DA:43,1
DA:44,7
DA:46,7
DA:47,7
DA:51,1
LF:16
LH:15
BRDA:19,0,0,7
BRDA:19,0,1,0
BRDA:26,1,0,7
BRDA:26,1,1,0
BRDA:26,2,0,7
BRDA:26,2,1,7
BRDA:36,3,0,0
BRDA:36,3,1,1
BRF:8
BRH:5
end_of_record
TN:
SF:/home/john-co/Liferay/public/master/modules/apps/frontend-js/frontend-js-web/src/main/resources/META-INF/resources/liferay/util/object_to_url_search_params.es.js
FN:24,objectToURLSearchParams
FN:31,(anonymous_1)
FNF:2
FNH:2
FNDA:3,objectToURLSearchParams
FNDA:3,(anonymous_1)
DA:25,3
DA:26,1
DA:29,2
DA:31,2
DA:32,3
DA:33,1
DA:34,2
DA:37,2
DA:41,2
LF:9
LH:9
BRDA:25,0,0,1
BRDA:25,0,1,2
BRDA:32,1,0,1
BRDA:32,1,1,2
BRF:4
BRH:4
end_of_record
TN:
SF:/home/john-co/Liferay/public/master/modules/apps/frontend-js/frontend-js-web/src/main/resources/META-INF/resources/liferay/util/to_char_code.es.js
FN:17,(anonymous_0)
FN:20,(anonymous_1)
FNF:2
FNH:2
FNDA:1,(anonymous_0)
FNDA:7,(anonymous_1)
DA:17,1
DA:18,1
DA:20,7
LF:3
LH:3
BRF:0
BRH:0
end_of_record
TN:
SF:/home/john-co/Liferay/public/master/modules/apps/frontend-js/frontend-js-web/src/main/resources/META-INF/resources/liferay/util/address/get_countries.es.js
FN:22,getCountries
FNF:1
FNH:1
FNDA:1,getCountries
DA:23,1
DA:24,1
DA:27,0
LF:3
LH:2
BRDA:23,0,0,1
BRDA:23,0,1,0
BRF:2
BRH:1
end_of_record
TN:
SF:/home/john-co/Liferay/public/master/modules/apps/frontend-js/frontend-js-web/src/main/resources/META-INF/resources/liferay/util/address/get_regions.es.js
FN:23,getRegions
FNF:1
FNH:1
FNDA:2,getRegions
DA:24,2
DA:25,1
DA:28,1
DA:29,1
DA:32,0
LF:5
LH:4
BRDA:24,0,0,1
BRDA:24,0,1,1
BRDA:28,1,0,1
BRDA:28,1,1,0
BRF:4
BRH:3
end_of_record
TN:
SF:/home/john-co/Liferay/public/master/modules/apps/frontend-js/frontend-js-web/src/main/resources/META-INF/resources/liferay/util/form/get_form_element.es.js
FN:26,getFormElement
FNF:1
FNH:1
FNDA:14,getFormElement
DA:27,14
DA:29,14
DA:30,10
DA:32,10
DA:35,14
LF:5
LH:5
BRDA:29,0,0,10
BRDA:29,0,1,4
BRDA:29,1,0,14
BRDA:29,1,1,13
BRDA:29,1,2,12
BRDA:30,2,0,10
BRDA:30,2,1,0
BRDA:32,3,0,10
BRDA:32,3,1,1
BRF:9
BRH:8
end_of_record
TN:
SF:/home/john-co/Liferay/public/master/modules/apps/frontend-js/frontend-js-web/src/main/resources/META-INF/resources/liferay/util/form/object_to_form_data.es.js
FN:26,objectToFormData
FN:31,(anonymous_1)
FN:35,(anonymous_2)
FNF:3
FNH:3
FNDA:13,objectToFormData
FNDA:19,(anonymous_1)
FNDA:4,(anonymous_2)
DA:31,13
DA:32,19
DA:34,19
DA:35,2
DA:36,4
DA:43,17
DA:44,2
DA:46,15
DA:50,13
LF:9
LH:9
BRDA:27,0,0,0
BRDA:28,1,0,7
BRDA:32,2,0,4
BRDA:32,2,1,15
BRDA:34,3,0,2
BRDA:34,3,1,17
BRDA:43,4,0,2
BRDA:43,4,1,15
BRDA:43,5,0,17
BRDA:43,5,1,3
BRF:10
BRH:9
end_of_record
TN:
SF:/home/john-co/Liferay/public/master/modules/apps/frontend-js/frontend-js-web/src/main/resources/META-INF/resources/liferay/util/form/post_form.es.js
FN:29,postForm
FNF:1
FNH:1
FNDA:8,postForm
DA:30,8
DA:32,8
DA:33,6
DA:35,6
DA:36,5
DA:38,5
DA:39,1
DA:41,4
DA:44,1
DA:45,0
DA:46,1
DA:47,1
DA:50,1
LF:13
LH:12
BRDA:32,0,0,6
BRDA:32,0,1,2
BRDA:32,1,0,8
BRDA:32,1,1,7
BRDA:35,2,0,5
BRDA:35,2,1,1
BRDA:38,3,0,1
BRDA:38,3,1,4
BRDA:44,4,0,0
BRDA:44,4,1,1
BRDA:46,5,0,1
BRDA:46,5,1,0
BRF:12
BRH:10
end_of_record
TN:
SF:/home/john-co/Liferay/public/master/modules/apps/frontend-js/frontend-js-web/src/main/resources/META-INF/resources/liferay/util/form/set_form_values.es.js
FN:26,setFormValues
FN:33,(anonymous_1)
FNF:2
FNH:2
FNDA:2,setFormValues
FNDA:4,(anonymous_1)
DA:27,2
DA:28,0
DA:31,2
DA:33,2
DA:34,4
DA:36,4
DA:37,4
LF:7
LH:6
BRDA:27,0,0,0
BRDA:27,0,1,2
BRDA:27,1,0,2
BRDA:27,1,1,2
BRDA:27,1,2,2
BRDA:36,2,0,4
BRDA:36,2,1,0
BRF:7
BRH:5
end_of_record
TN:
SF:/home/john-co/Liferay/public/master/modules/apps/frontend-js/frontend-js-web/src/main/resources/META-INF/resources/liferay/util/portlet_url/create_action_url.es.js
FN:24,createActionURL
FNF:1
FNH:1
FNDA:1,createActionURL
DA:25,1
LF:1
LH:1
BRDA:24,0,0,1
BRF:1
BRH:1
end_of_record
TN:
SF:/home/john-co/Liferay/public/master/modules/apps/frontend-js/frontend-js-web/src/main/resources/META-INF/resources/liferay/util/portlet_url/create_render_url.es.js
FN:24,createRenderURL
FNF:1
FNH:1
FNDA:1,createRenderURL
DA:25,1
LF:1
LH:1
BRDA:24,0,0,1
BRF:1
BRH:1
end_of_record
TN:
SF:/home/john-co/Liferay/public/master/modules/apps/frontend-js/frontend-js-web/src/main/resources/META-INF/resources/liferay/util/portlet_url/create_resource_url.es.js
FN:24,createResourceURL
FNF:1
FNH:1
FNDA:1,createResourceURL
DA:25,1
LF:1
LH:1
BRDA:24,0,0,1
BRF:1
BRH:1
end_of_record
TN:
SF:/home/john-co/Liferay/public/master/modules/apps/frontend-js/frontend-js-web/src/main/resources/META-INF/resources/liferay/util/portlet_url/create_url.es.js
FN:19,isAbsolute_
FN:30,createURL
FN:100,(anonymous_2)
FNF:3
FNH:3
FNDA:4,isAbsolute_
FNDA:12,createURL
FNDA:7,(anonymous_2)
DA:17,4
DA:20,4
DA:31,12
DA:32,1
DA:35,11
DA:36,1
DA:39,10
DA:70,10
DA:74,3
DA:75,1
DA:77,2
DA:82,10
DA:84,10
DA:86,10
DA:88,10
DA:89,1
DA:94,9
DA:96,9
DA:97,5
DA:100,9
DA:103,7
DA:104,5
DA:106,2
DA:109,7
DA:112,9
DA:114,9
LF:26
LH:26
BRDA:30,0,0,4
BRDA:31,1,0,1
BRDA:31,1,1,11
BRDA:35,2,0,1
BRDA:35,2,1,10
BRDA:35,3,0,11
BRDA:35,3,1,11
BRDA:70,4,0,3
BRDA:70,4,1,7
BRDA:71,5,0,10
BRDA:71,5,1,4
BRDA:74,6,0,1
BRDA:74,6,1,2
BRDA:86,7,0,10
BRDA:86,7,1,10
BRDA:88,8,0,1
BRDA:88,8,1,9
BRDA:88,9,0,10
BRDA:88,9,1,6
BRDA:96,10,0,5
BRDA:96,10,1,4
BRDA:103,11,0,5
BRDA:103,11,1,2
BRF:23
BRH:23
end_of_record
TN:
SF:/home/john-co/Liferay/public/master/modules/apps/frontend-js/frontend-js-web/test/liferay/portlet/mock/portlet_data.es.js
FN:221,(anonymous_0)
FN:226,(anonymous_1)
FN:239,(anonymous_2)
FNF:3
FNH:3
FNDA:9,(anonymous_0)
FNDA:1,(anonymous_1)
FNDA:1,(anonymous_2)
DA:15,31
DA:222,9
DA:227,1
DA:228,1
DA:230,1
DA:232,1
DA:233,1
DA:236,1
DA:240,1
DA:242,1
DA:244,1
DA:246,1
DA:247,1
DA:250,1
LF:14
LH:14
BRDA:232,0,0,1
BRDA:232,0,1,0
BRDA:232,1,0,1
BRDA:232,1,1,1
BRDA:246,2,0,1
BRDA:246,2,1,0
BRDA:246,3,0,1
BRDA:246,3,1,1
BRF:8
BRH:6
end_of_record
TN:
SF:/home/john-co/Liferay/public/master/modules/apps/frontend-js/frontend-js-web/test/liferay/util/mock/headers.es.js
FN:16,(anonymous_0)
FN:31,(anonymous_1)
FN:44,(anonymous_2)
FN:47,(anonymous_3)
FN:52,(anonymous_4)
FNF:5
FNH:5
FNDA:38,(anonymous_0)
FNDA:37,(anonymous_1)
FNDA:15,(anonymous_2)
FNDA:9,(anonymous_3)
FNDA:9,(anonymous_4)
DA:17,38
DA:18,1
DA:21,37
DA:23,37
DA:25,37
DA:26,1
DA:27,36
DA:28,36
DA:31,37
DA:32,37
DA:34,37
DA:36,37
DA:38,37
DA:41,37
DA:45,15
DA:47,15
DA:48,9
DA:53,9
LF:18
LH:18
BRDA:17,0,0,1
BRDA:17,0,1,37
BRDA:25,1,0,1
BRDA:25,1,1,36
BRDA:27,2,0,36
BRDA:27,2,1,0
BRDA:27,3,0,36
BRDA:27,3,1,36
BRDA:34,4,0,37
BRDA:34,4,1,36
BRF:10
BRH:9
end_of_record
