<?xml version="1.0" encoding="UTF-8"?>
<testsuite errors="0" failures="1" hostname="" id="0" name="Jest" package="dynamic-data-mapping.dynamic-data-mapping-form-web" skipped="0" tests="24" time="0" timestamp="1566240944338">
  <testcase classname="dynamic-data-mapping.dynamic-data-mapping-form-web.test.js.components.PublishButton.[dynamic-data-mapping]" name="PublishButton renders published" time="0.041">
  </testcase>
  <testcase classname="dynamic-data-mapping.dynamic-data-mapping-form-web.test.js.components.PublishButton.[dynamic-data-mapping]" name="PublishButton renders unpublished" time="0.005">
  </testcase>
  <testcase classname="dynamic-data-mapping.dynamic-data-mapping-form-web.test.js.components.PublishButton.[dynamic-data-mapping]" name="PublishButton publish() calls submitForm()" time="0.008">
  </testcase>
  <testcase classname="dynamic-data-mapping.dynamic-data-mapping-form-web.test.js.components.PublishButton.[dynamic-data-mapping]" name="PublishButton unpublish() calls submitForm()" time="0.004">
  </testcase>
  <testcase classname="dynamic-data-mapping.dynamic-data-mapping-form-web.test.js.components.PublishButton.[dynamic-data-mapping]" name="PublishButton toggle() calls publish() when props.published=false" time="0.003">
  </testcase>
  <testcase classname="dynamic-data-mapping.dynamic-data-mapping-form-web.test.js.components.PublishButton.[dynamic-data-mapping]" name="PublishButton toggle() calls unpublish() when props.published=true" time="0.002">
  </testcase>
  <testcase classname="dynamic-data-mapping.dynamic-data-mapping-form-web.test.js.components.PublishButton.[dynamic-data-mapping]" name="PublishButton toggle() is called when button is clicked" time="0.008">
  </testcase>
  <testcase classname="dynamic-data-mapping.dynamic-data-mapping-form-web.test.js.components.Popover.[dynamic-data-mapping]" name="Popover renders the default markup" time="0.053">
  </testcase>
  <testcase classname="dynamic-data-mapping.dynamic-data-mapping-form-web.test.js.components.Popover.[dynamic-data-mapping]" name="Popover renders popover opened" time="0.008">
  </testcase>
  <testcase classname="dynamic-data-mapping.dynamic-data-mapping-form-web.test.js.components.Popover.[dynamic-data-mapping]" name="Popover opens when the visible property changes" time="0.043">
  </testcase>
  <testcase classname="dynamic-data-mapping.dynamic-data-mapping-form-web.test.js.components.Popover.[dynamic-data-mapping]" name="Popover opens when alignedElement is clicked" time="0.008">
  </testcase>
  <testcase classname="dynamic-data-mapping.dynamic-data-mapping-form-web.test.js.components.Popover.[dynamic-data-mapping]" name="Popover closes when it is already opened and the alignedElement is clicked" time="0.011">
  </testcase>
  <testcase classname="dynamic-data-mapping.dynamic-data-mapping-form-web.test.js.components.Popover.[dynamic-data-mapping]" name="Popover closes when document has mousedown event" time="0.009">
  </testcase>
  <testcase classname="dynamic-data-mapping.dynamic-data-mapping-form-web.test.js.components.PreviewButton.[dynamic-data-mapping]" name="PreviewButton renders" time="0.037">
  </testcase>
  <testcase classname="dynamic-data-mapping.dynamic-data-mapping-form-web.test.js.components.PreviewButton.[dynamic-data-mapping]" name="PreviewButton preview() calls fetch with published=true" time="0.006">
  </testcase>
  <testcase classname="dynamic-data-mapping.dynamic-data-mapping-form-web.test.js.components.PreviewButton.[dynamic-data-mapping]" name="PreviewButton preview() is called when button is clicked" time="0.004">
  </testcase>
  <testcase classname="dynamic-data-mapping.dynamic-data-mapping-form-web.test.js.components.PreviewButton.[dynamic-data-mapping]" name="PreviewButton preview() shows error notification when resolvePreviewURL fails" time="0.022">
  </testcase>
  <testcase classname="dynamic-data-mapping.dynamic-data-mapping-form-web.test.js.util.[dynamic-data-mapping]" name="AutoSave calls the saveIfNeeded function every given interval" time="0.033">
    <failure message="Error: expect(jest.fn()).toHaveBeenCalledTimes(6)">Error: expect(jest.fn()).toHaveBeenCalledTimes(6)

Expected mock function to have been called six times, but it was called three times.
    at Object.toHaveBeenCalledTimes (dynamic-data-mapping/dynamic-data-mapping-form-web/test/js/util/AutoSave.es.js:81:28)
    at Object.asyncJestTest (/home/john-co/Liferay/public/master/modules/node_modules/jest-jasmine2/build/jasmineAsyncInstall.js:102:37)
    at resolve (/home/john-co/Liferay/public/master/modules/node_modules/jest-jasmine2/build/queueRunner.js:43:12)
    at new Promise (&lt;anonymous&gt;)
    at mapper (/home/john-co/Liferay/public/master/modules/node_modules/jest-jasmine2/build/queueRunner.js:26:19)
    at promise.then (/home/john-co/Liferay/public/master/modules/node_modules/jest-jasmine2/build/queueRunner.js:73:41)
    at process._tickCallback (internal/process/next_tick.js:68:7)</failure>
  </testcase>
  <testcase classname="dynamic-data-mapping.dynamic-data-mapping-form-web.test.js.util.[dynamic-data-mapping]" name="AutoSave calls save function only once when time has passed but state has not changed" time="0.007">
  </testcase>
  <testcase classname="dynamic-data-mapping.dynamic-data-mapping-form-web.test.js.util.[dynamic-data-mapping]" name="AutoSave saves current state hash if request is successful" time="0.002">
  </testcase>
  <testcase classname="dynamic-data-mapping.dynamic-data-mapping-form-web.test.js.util.[dynamic-data-mapping]" name="AutoSave reloads the page when session has expired" time="0.004">
  </testcase>
  <testcase classname="dynamic-data-mapping.dynamic-data-mapping-form-web.test.js.util.[dynamic-data-mapping]" name="AutoSave does not reload the page when request failed for other reasons" time="0.002">
  </testcase>
  <testcase classname="dynamic-data-mapping.dynamic-data-mapping-form-web.test.js.util.[dynamic-data-mapping]" name="AutoSave emits the &quot;autosaved&quot; event if request is successful" time="0.004">
  </testcase>
  <testcase classname="dynamic-data-mapping.dynamic-data-mapping-form-web.test.js.util.[dynamic-data-mapping]" name="AutoSave defines input ids after form is saved for the first time" time="0.005">
  </testcase>
</testsuite>