TN:
SF:/home/john-co/Liferay/public/master/modules/apps/frontend-taglib/frontend-taglib-clay/src/main/resources/META-INF/resources/management_toolbar/ManagementToolbar.es.js
FN:35,(anonymous_0)
FN:40,(anonymous_1)
FN:74,(anonymous_2)
FN:97,(anonymous_3)
FN:109,(anonymous_4)
FN:115,(anonymous_5)
FN:135,(anonymous_6)
FN:141,(anonymous_7)
FN:171,(anonymous_8)
FN:186,(anonymous_9)
FN:204,(anonymous_10)
FN:217,(anonymous_11)
FN:226,(anonymous_12)
FN:244,(anonymous_13)
FNF:14
FNH:7
FNDA:4,(anonymous_0)
FNDA:4,(anonymous_1)
FNDA:0,(anonymous_2)
FNDA:4,(anonymous_3)
FNDA:4,(anonymous_4)
FNDA:0,(anonymous_5)
FNDA:1,(anonymous_6)
FNDA:0,(anonymous_7)
FNDA:0,(anonymous_8)
FNDA:2,(anonymous_9)
FNDA:1,(anonymous_10)
FNDA:0,(anonymous_11)
FNDA:0,(anonymous_12)
FNDA:0,(anonymous_13)
DA:36,4
DA:38,4
DA:40,4
DA:41,4
DA:49,4
DA:51,4
DA:53,4
DA:60,0
DA:62,0
DA:73,4
DA:74,0
DA:75,0
DA:79,4
DA:80,0
DA:82,0
DA:83,0
DA:98,4
DA:100,4
DA:101,0
DA:103,0
DA:104,0
DA:108,4
DA:109,4
DA:110,4
DA:116,0
DA:118,0
DA:119,0
DA:123,0
DA:126,0
DA:136,1
DA:137,1
DA:142,0
DA:147,0
DA:152,0
DA:158,0
DA:160,0
DA:162,0
DA:163,0
DA:164,0
DA:166,0
DA:167,0
DA:168,0
DA:173,0
DA:175,0
DA:176,0
DA:187,2
DA:188,2
DA:190,2
DA:191,1
DA:193,1
DA:205,1
DA:206,1
DA:218,0
DA:220,0
DA:223,0
DA:225,0
DA:226,0
DA:227,0
DA:245,0
DA:246,0
DA:249,0
DA:251,0
DA:254,0
DA:256,0
DA:257,0
DA:261,0
DA:264,0
DA:265,0
DA:279,1
DA:698,1
LF:70
LH:25
BRDA:53,0,0,0
BRDA:53,0,1,4
BRDA:54,1,0,4
BRDA:54,1,1,4
BRDA:54,1,2,0
BRDA:54,1,3,0
BRDA:60,2,0,0
BRDA:60,2,1,0
BRDA:73,3,0,0
BRDA:73,3,1,4
BRDA:79,4,0,0
BRDA:79,4,1,4
BRDA:82,5,0,0
BRDA:82,5,1,0
BRDA:100,6,0,0
BRDA:100,6,1,4
BRDA:103,7,0,0
BRDA:103,7,1,0
BRDA:108,8,0,4
BRDA:108,8,1,0
BRDA:118,9,0,0
BRDA:118,9,1,0
BRDA:118,10,0,0
BRDA:118,10,1,0
BRDA:136,11,0,1
BRDA:136,11,1,0
BRDA:142,12,0,0
BRDA:142,12,1,0
BRDA:147,13,0,0
BRDA:147,13,1,0
BRDA:147,14,0,0
BRDA:147,14,1,0
BRDA:152,15,0,0
BRDA:152,15,1,0
BRDA:152,16,0,0
BRDA:152,16,1,0
BRDA:173,17,0,0
BRDA:173,17,1,0
BRDA:175,18,0,0
BRDA:175,18,1,0
BRDA:187,19,0,2
BRDA:187,19,1,0
BRDA:190,20,0,1
BRDA:190,20,1,1
BRDA:205,21,0,1
BRDA:205,21,1,0
BRDA:220,22,0,0
BRDA:220,22,1,0
BRDA:225,23,0,0
BRDA:225,23,1,0
BRDA:229,24,0,0
BRDA:229,24,1,0
BRDA:229,24,2,0
BRDA:229,24,3,0
BRDA:251,25,0,0
BRDA:251,25,1,0
BRDA:256,26,0,0
BRDA:256,26,1,0
BRDA:257,27,0,0
BRDA:257,27,1,0
BRDA:264,28,0,0
BRDA:264,28,1,0
BRDA:266,29,0,0
BRDA:266,29,1,0
BRDA:266,29,2,0
BRF:65
BRH:12
end_of_record
TN:
SF:/home/john-co/Liferay/public/master/modules/apps/frontend-taglib/frontend-taglib-clay/src/main/resources/META-INF/resources/management_toolbar/ManagementToolbar.soy.js
FN:6,(anonymous_0)
FN:77,$render
FN:232,__deltemplate_s83_ed8b7085
FN:259,(anonymous_3)
FN:260,(anonymous_4)
FNF:5
FNH:2
FNDA:1,(anonymous_0)
FNDA:4,$render
FNDA:0,__deltemplate_s83_ed8b7085
FNDA:0,(anonymous_3)
FNDA:0,(anonymous_4)
DA:6,1
DA:7,1
DA:8,1
DA:18,1
DA:20,1
DA:21,1
DA:22,1
DA:23,1
DA:24,1
DA:26,1
DA:78,4
DA:80,4
DA:82,4
DA:84,4
DA:86,4
DA:88,4
DA:90,4
DA:92,4
DA:94,4
DA:96,4
DA:98,4
DA:100,4
DA:102,4
DA:104,4
DA:106,4
DA:108,4
DA:110,4
DA:112,4
DA:114,4
DA:116,4
DA:118,4
DA:120,4
DA:122,4
DA:124,4
DA:126,4
DA:128,4
DA:130,4
DA:132,4
DA:134,4
DA:136,4
DA:138,4
DA:140,4
DA:142,4
DA:144,4
DA:146,4
DA:148,4
DA:150,4
DA:152,4
DA:154,4
DA:156,4
DA:158,4
DA:159,4
DA:161,1
DA:206,1
DA:207,1
DA:208,1
DA:233,0
DA:236,0
DA:238,0
DA:240,0
DA:242,0
DA:244,0
DA:246,0
DA:248,0
DA:250,0
DA:252,0
DA:254,0
DA:256,0
DA:258,0
DA:259,0
DA:260,0
DA:261,0
DA:262,0
DA:264,0
DA:265,0
DA:266,0
DA:268,0
DA:270,0
DA:271,0
DA:272,0
DA:273,0
DA:274,0
DA:275,0
DA:276,0
DA:277,0
DA:278,0
DA:279,0
DA:280,0
DA:281,0
DA:282,0
DA:283,0
DA:284,0
DA:286,0
DA:288,0
DA:289,0
DA:291,0
DA:292,0
DA:293,0
DA:294,0
DA:295,0
DA:298,1
DA:315,1
DA:316,1
DA:317,1
DA:319,1
DA:321,1
DA:322,1
DA:323,1
DA:324,1
DA:329,1
LF:110
LH:66
BRDA:78,0,0,4
BRDA:78,0,1,0
BRDA:80,1,0,4
BRDA:80,1,1,0
BRDA:92,2,0,4
BRDA:92,2,1,4
BRDA:94,3,0,4
BRDA:94,3,1,0
BRDA:94,3,2,0
BRDA:94,3,3,0
BRDA:96,4,0,4
BRDA:96,4,1,4
BRDA:96,4,2,0
BRDA:98,5,0,4
BRDA:98,5,1,0
BRDA:98,5,2,0
BRDA:100,6,0,4
BRDA:100,6,1,0
BRDA:100,6,2,0
BRDA:102,7,0,4
BRDA:102,7,1,0
BRDA:102,7,2,0
BRDA:104,8,0,4
BRDA:104,8,1,0
BRDA:108,9,0,4
BRDA:108,9,1,4
BRDA:108,9,2,0
BRDA:108,9,3,0
BRDA:110,10,0,4
BRDA:110,10,1,0
BRDA:110,10,2,0
BRDA:112,11,0,4
BRDA:112,11,1,0
BRDA:114,12,0,4
BRDA:114,12,1,0
BRDA:116,13,0,4
BRDA:116,13,1,0
BRDA:116,13,2,0
BRDA:118,14,0,4
BRDA:118,14,1,0
BRDA:118,14,2,0
BRDA:122,15,0,4
BRDA:122,15,1,4
BRDA:122,15,2,0
BRDA:124,16,0,4
BRDA:124,16,1,0
BRDA:124,16,2,0
BRDA:126,17,0,4
BRDA:126,17,1,0
BRDA:126,17,2,0
BRDA:128,18,0,4
BRDA:128,18,1,0
BRDA:128,18,2,0
BRDA:130,19,0,4
BRDA:130,19,1,4
BRDA:130,19,2,0
BRDA:130,19,3,0
BRDA:132,20,0,4
BRDA:132,20,1,0
BRDA:132,20,2,0
BRDA:134,21,0,4
BRDA:134,21,1,0
BRDA:136,22,0,4
BRDA:136,22,1,4
BRDA:136,22,2,0
BRDA:136,22,3,0
BRDA:138,23,0,4
BRDA:138,23,1,4
BRDA:138,23,2,0
BRDA:138,23,3,0
BRDA:140,24,0,4
BRDA:140,24,1,4
BRDA:140,24,2,0
BRDA:140,24,3,0
BRDA:142,25,0,4
BRDA:142,25,1,4
BRDA:142,25,2,0
BRDA:142,25,3,0
BRDA:144,26,0,4
BRDA:144,26,1,4
BRDA:144,26,2,0
BRDA:144,26,3,0
BRDA:146,27,0,4
BRDA:146,27,1,4
BRDA:146,27,2,0
BRDA:146,27,3,0
BRDA:148,28,0,4
BRDA:148,28,1,4
BRDA:148,28,2,0
BRDA:148,28,3,0
BRDA:150,29,0,4
BRDA:150,29,1,0
BRDA:150,29,2,0
BRDA:152,30,0,4
BRDA:152,30,1,0
BRDA:152,30,2,0
BRDA:154,31,0,4
BRDA:154,31,1,4
BRDA:154,31,2,0
BRDA:154,31,3,0
BRDA:156,32,0,4
BRDA:156,32,1,0
BRDA:158,33,0,4
BRDA:158,33,1,0
BRDA:207,34,0,1
BRDA:207,34,1,0
BRDA:233,35,0,0
BRDA:233,35,1,0
BRDA:236,36,0,0
BRDA:236,36,1,0
BRDA:244,37,0,0
BRDA:244,37,1,0
BRDA:244,37,2,0
BRDA:244,37,3,0
BRDA:246,38,0,0
BRDA:246,38,1,0
BRDA:246,38,2,0
BRDA:246,38,3,0
BRDA:248,39,0,0
BRDA:248,39,1,0
BRDA:248,39,2,0
BRDA:250,40,0,0
BRDA:250,40,1,0
BRDA:250,40,2,0
BRDA:252,41,0,0
BRDA:252,41,1,0
BRDA:252,41,2,0
BRDA:254,42,0,0
BRDA:254,42,1,0
BRDA:256,43,0,0
BRDA:256,43,1,0
BRDA:256,43,2,0
BRDA:258,44,0,0
BRDA:258,44,1,0
BRDA:258,44,2,0
BRDA:261,45,0,0
BRDA:261,45,1,0
BRDA:264,46,0,0
BRDA:264,46,1,0
BRDA:265,47,0,0
BRDA:265,47,1,0
BRDA:288,48,0,0
BRDA:288,48,1,0
BRDA:316,49,0,1
BRDA:316,49,1,0
BRF:145
BRH:49
end_of_record
