TN:
SF:/home/john-co/Liferay/public/master/modules/apps/map/map-common/src/main/resources/META-INF/resources/js/GeoJSONBase.es.js
FN:34,(anonymous_0)
FN:52,(anonymous_1)
FN:68,(anonymous_2)
FN:84,(anonymous_3)
FNF:4
FNH:4
FNDA:4,(anonymous_0)
FNDA:2,(anonymous_1)
FNDA:1,(anonymous_2)
FNDA:1,(anonymous_3)
DA:35,4
DA:37,4
DA:38,3
DA:53,2
DA:73,1
DA:89,1
DA:99,2
DA:108,2
DA:110,2
LF:9
LH:9
BRDA:37,0,0,3
BRDA:37,0,1,1
BRDA:108,1,0,2
BRDA:108,1,1,0
BRF:4
BRH:3
end_of_record
TN:
SF:/home/john-co/Liferay/public/master/modules/apps/map/map-common/src/main/resources/META-INF/resources/js/MapBase.es.js
FN:71,(anonymous_0)
FN:109,(anonymous_1)
FN:112,(anonymous_2)
FN:128,(anonymous_3)
FN:161,(anonymous_4)
FN:209,(anonymous_5)
FN:251,(anonymous_6)
FN:271,(anonymous_7)
FN:273,(anonymous_8)
FN:277,(anonymous_9)
FN:307,(anonymous_10)
FN:325,(anonymous_11)
FN:343,(anonymous_12)
FN:346,(anonymous_13)
FN:349,(anonymous_14)
FN:362,(anonymous_15)
FN:375,(anonymous_16)
FN:376,(anonymous_17)
FN:390,(anonymous_18)
FN:404,(anonymous_19)
FN:419,(anonymous_20)
FN:431,(anonymous_21)
FN:447,(anonymous_22)
FN:451,(anonymous_23)
FN:474,(anonymous_24)
FN:507,(anonymous_25)
FN:522,(anonymous_26)
FN:532,(anonymous_27)
FN:548,(anonymous_28)
FN:570,(anonymous_29)
FN:586,(anonymous_30)
FN:603,(anonymous_31)
FN:617,(anonymous_32)
FN:637,(anonymous_33)
FN:659,(anonymous_34)
FN:667,(anonymous_35)
FNF:36
FNH:27
FNDA:48,(anonymous_0)
FNDA:0,(anonymous_1)
FNDA:1,(anonymous_2)
FNDA:2,(anonymous_3)
FNDA:12,(anonymous_4)
FNDA:8,(anonymous_5)
FNDA:0,(anonymous_6)
FNDA:8,(anonymous_7)
FNDA:24,(anonymous_8)
FNDA:0,(anonymous_9)
FNDA:4,(anonymous_10)
FNDA:9,(anonymous_11)
FNDA:4,(anonymous_12)
FNDA:4,(anonymous_13)
FNDA:2,(anonymous_14)
FNDA:2,(anonymous_15)
FNDA:2,(anonymous_16)
FNDA:2,(anonymous_17)
FNDA:2,(anonymous_18)
FNDA:66,(anonymous_19)
FNDA:1,(anonymous_20)
FNDA:10,(anonymous_21)
FNDA:2,(anonymous_22)
FNDA:0,(anonymous_23)
FNDA:8,(anonymous_24)
FNDA:0,(anonymous_25)
FNDA:0,(anonymous_26)
FNDA:3,(anonymous_27)
FNDA:4,(anonymous_28)
FNDA:1,(anonymous_29)
FNDA:48,(anonymous_30)
FNDA:2,(anonymous_31)
FNDA:64,(anonymous_32)
FNDA:0,(anonymous_33)
FNDA:0,(anonymous_34)
FNDA:0,(anonymous_35)
DA:28,1
DA:40,1
DA:53,1
DA:72,48
DA:74,48
DA:75,48
DA:76,48
DA:77,48
DA:78,48
DA:79,48
DA:80,48
DA:81,48
DA:83,48
DA:86,48
DA:89,48
DA:92,48
DA:95,48
DA:96,48
DA:100,48
DA:103,48
DA:107,45
DA:108,45
DA:110,0
DA:113,1
DA:114,1
DA:118,0
DA:129,2
DA:130,1
DA:132,1
DA:135,2
DA:139,1
DA:141,1
DA:162,12
DA:163,9
DA:168,9
DA:174,12
DA:175,1
DA:181,12
DA:182,12
DA:185,12
DA:189,12
DA:190,1
DA:196,12
DA:197,1
DA:210,8
DA:211,8
DA:213,8
DA:214,0
DA:217,0
DA:218,0
DA:224,8
DA:228,0
DA:231,0
DA:236,0
DA:239,8
DA:257,0
DA:272,8
DA:273,8
DA:274,24
DA:277,8
DA:278,0
DA:279,0
DA:281,0
DA:282,0
DA:284,0
DA:289,0
DA:292,0
DA:296,8
DA:308,4
DA:309,2
DA:314,4
DA:326,9
DA:327,5
DA:330,9
DA:344,4
DA:346,4
DA:348,4
DA:349,2
DA:351,3
DA:363,2
DA:376,2
DA:377,2
DA:391,2
DA:393,2
DA:405,66
DA:407,63
DA:408,1
DA:420,1
DA:432,10
DA:433,1
DA:448,2
DA:450,2
DA:451,0
DA:452,0
DA:455,2
DA:475,8
DA:476,8
DA:478,8
DA:479,8
DA:481,8
DA:485,8
DA:490,8
DA:491,0
DA:494,8
DA:496,8
DA:497,8
DA:498,8
DA:513,0
DA:523,0
DA:537,3
DA:551,4
DA:555,3
DA:561,4
DA:571,1
DA:587,48
DA:589,48
DA:590,0
DA:593,48
DA:604,2
DA:606,2
DA:607,1
DA:618,64
DA:625,61
DA:637,1
DA:638,0
DA:640,0
DA:641,0
DA:643,0
DA:645,0
DA:647,0
DA:659,1
DA:660,0
DA:662,0
DA:664,0
DA:666,0
DA:667,0
DA:669,0
DA:677,1
DA:683,1
DA:690,1
DA:697,1
DA:704,1
DA:710,1
DA:728,1
DA:734,1
DA:758,1
DA:766,1
DA:828,1
LF:148
LH:114
BRDA:103,0,0,45
BRDA:103,0,1,0
BRDA:103,1,0,48
BRDA:103,1,1,45
BRDA:107,2,0,45
BRDA:107,2,1,0
BRDA:107,3,0,45
BRDA:107,3,1,0
BRDA:129,4,0,1
BRDA:129,4,1,1
BRDA:135,5,0,1
BRDA:135,5,1,1
BRDA:136,6,0,2
BRDA:136,6,1,2
BRDA:162,7,0,9
BRDA:162,7,1,3
BRDA:174,8,0,1
BRDA:174,8,1,11
BRDA:181,9,0,12
BRDA:181,9,1,0
BRDA:189,10,0,1
BRDA:189,10,1,11
BRDA:196,11,0,1
BRDA:196,11,1,11
BRDA:210,12,0,8
BRDA:210,12,1,0
BRDA:213,13,0,0
BRDA:213,13,1,8
BRDA:224,14,0,0
BRDA:224,14,1,8
BRDA:225,15,0,8
BRDA:225,15,1,0
BRDA:274,16,0,24
BRDA:274,16,1,0
BRDA:281,17,0,0
BRDA:281,17,1,0
BRDA:284,18,0,0
BRDA:284,18,1,0
BRDA:285,19,0,0
BRDA:285,19,1,0
BRDA:285,19,2,0
BRDA:308,20,0,2
BRDA:308,20,1,2
BRDA:308,21,0,4
BRDA:308,21,1,3
BRDA:326,22,0,5
BRDA:326,22,1,4
BRDA:326,23,0,9
BRDA:326,23,1,6
BRDA:348,24,0,1
BRDA:348,24,1,3
BRDA:407,25,0,1
BRDA:407,25,1,62
BRDA:432,26,0,1
BRDA:432,26,1,9
BRDA:432,27,0,10
BRDA:432,27,1,1
BRDA:450,28,0,0
BRDA:450,28,1,2
BRDA:450,29,0,2
BRDA:450,29,1,0
BRDA:481,30,0,8
BRDA:481,30,1,0
BRDA:482,31,0,8
BRDA:482,31,1,8
BRDA:490,32,0,0
BRDA:490,32,1,8
BRDA:551,33,0,3
BRDA:551,33,1,1
BRDA:552,34,0,4
BRDA:552,34,1,3
BRDA:589,35,0,0
BRDA:589,35,1,48
BRDA:606,36,0,1
BRDA:606,36,1,1
BRDA:640,37,0,0
BRDA:640,37,1,0
BRDA:643,38,0,0
BRDA:643,38,1,0
BRDA:660,39,0,0
BRDA:660,39,1,0
BRDA:666,40,0,0
BRDA:666,40,1,0
BRF:83
BRH:54
end_of_record
TN:
SF:/home/john-co/Liferay/public/master/modules/apps/map/map-common/src/main/resources/META-INF/resources/js/MarkerBase.es.js
FN:32,(anonymous_0)
FN:46,(anonymous_1)
FN:51,(anonymous_2)
FN:68,(anonymous_3)
FN:85,(anonymous_4)
FN:100,(anonymous_5)
FNF:6
FNH:5
FNDA:11,(anonymous_0)
FNDA:4,(anonymous_1)
FNDA:3,(anonymous_2)
FNDA:2,(anonymous_3)
FNDA:0,(anonymous_4)
FNDA:6,(anonymous_5)
DA:33,11
DA:35,11
DA:47,4
DA:49,4
DA:52,3
DA:55,4
DA:74,2
DA:90,0
DA:101,6
DA:111,2
DA:133,2
DA:135,2
LF:12
LH:11
BRDA:50,0,0,4
BRDA:50,0,1,4
BRDA:133,1,0,2
BRDA:133,1,1,0
BRF:4
BRH:3
end_of_record
TN:
SF:/home/john-co/Liferay/public/master/modules/apps/map/map-common/src/main/resources/META-INF/resources/js/validators.es.js
FN:21,isInputNode
FN:31,isSubsetOf
FN:32,(anonymous_2)
FNF:3
FNH:2
FNDA:0,isInputNode
FNDA:2,isSubsetOf
FNDA:6,(anonymous_2)
DA:22,0
DA:32,2
DA:33,6
DA:35,6
DA:36,14
DA:37,2
DA:41,4
LF:7
LH:6
BRDA:36,0,0,2
BRDA:36,0,1,12
BRF:2
BRH:2
end_of_record
